{
  "stats": {
    "suites": 1,
    "tests": 8,
    "passes": 8,
    "pending": 0,
    "failures": 0,
    "start": "2022-05-23T21:48:06.550Z",
    "end": "2022-05-23T21:48:15.884Z",
    "duration": 9334,
    "testsRegistered": 8,
    "passPercent": 100,
    "pendingPercent": 0,
    "other": 0,
    "hasOther": false,
    "skipped": 0,
    "hasSkipped": false
  },
  "results": [
    {
      "uuid": "117cc7f3-e79c-4a89-a7a3-f3ab051e5f78",
      "title": "",
      "fullFile": "cypress/integration/test/2_buttons.spec.js",
      "file": "cypress/integration/test/2_buttons.spec.js",
      "beforeHooks": [],
      "afterHooks": [],
      "tests": [],
      "suites": [
        {
          "uuid": "1e7e1544-f0be-4d00-bf94-990585d6d977",
          "title": "Browser actions",
          "fullFile": "",
          "file": "",
          "beforeHooks": [],
          "afterHooks": [],
          "tests": [
            {
              "title": "should load books url",
              "fullTitle": "Browser actions should load books url",
              "timedOut": null,
              "duration": 2357,
              "state": "passed",
              "speed": "fast",
              "pass": true,
              "fail": false,
              "pending": false,
              "context": null,
              "code": "cy.visit('http://books.toscrape.com/index.html', {\n  timeout: 10000\n});\ncy.url().should('include', 'index.html'); //Cypress log\ncy.log('Before reload'); //Browser refresh/reload\ncy.reload();\ncy.log('After reload');",
              "err": {},
              "uuid": "071aa1c1-cee2-47ba-bb51-c309de3f785d",
              "parentUUID": "1e7e1544-f0be-4d00-bf94-990585d6d977",
              "isHook": false,
              "skipped": false
            },
            {
              "title": "should click on poetry category",
              "fullTitle": "Browser actions should click on poetry category",
              "timedOut": null,
              "duration": 1154,
              "state": "passed",
              "speed": "fast",
              "pass": true,
              "fail": false,
              "pending": false,
              "context": null,
              "code": "//targeting an html element\ncy.get('a').contains('Poetry').click();",
              "err": {},
              "uuid": "1d81c163-0a8e-4155-a6c7-0d045c062670",
              "parentUUID": "1e7e1544-f0be-4d00-bf94-990585d6d977",
              "isHook": false,
              "skipped": false
            },
            {
              "title": "should have correct price tag",
              "fullTitle": "Browser actions should have correct price tag",
              "timedOut": null,
              "duration": 79,
              "state": "passed",
              "speed": "fast",
              "pass": true,
              "fail": false,
              "pending": false,
              "context": null,
              "code": "//targeting a class\ncy.get('.price_color').contains('£23.88');",
              "err": {},
              "uuid": "c51e0048-58c7-4966-9b5b-b263442aab31",
              "parentUUID": "1e7e1544-f0be-4d00-bf94-990585d6d977",
              "isHook": false,
              "skipped": false
            },
            {
              "title": "should have correct price tag",
              "fullTitle": "Browser actions should have correct price tag",
              "timedOut": null,
              "duration": 55,
              "state": "passed",
              "speed": "fast",
              "pass": true,
              "fail": false,
              "pending": false,
              "context": null,
              "code": "//targeting a class\ncy.get('.price_color').contains('£23.88');",
              "err": {},
              "uuid": "dcd3e96b-4fbe-4d75-b538-ca46c6965438",
              "parentUUID": "1e7e1544-f0be-4d00-bf94-990585d6d977",
              "isHook": false,
              "skipped": false
            },
            {
              "title": "should click on Home",
              "fullTitle": "Browser actions should click on Home",
              "timedOut": null,
              "duration": 548,
              "state": "passed",
              "speed": "fast",
              "pass": true,
              "fail": false,
              "pending": false,
              "context": null,
              "code": "//targeting an html element\ncy.get('.breadcrumb > :nth-child(1) > a').click();",
              "err": {},
              "uuid": "f45b69e9-ccc7-4207-b7a1-78baf3bdb424",
              "parentUUID": "1e7e1544-f0be-4d00-bf94-990585d6d977",
              "isHook": false,
              "skipped": false
            },
            {
              "title": "should click on Travel category",
              "fullTitle": "Browser actions should click on Travel category",
              "timedOut": null,
              "duration": 898,
              "state": "passed",
              "speed": "fast",
              "pass": true,
              "fail": false,
              "pending": false,
              "context": null,
              "code": "//targeting an html element\ncy.get('a').contains('Travel').click();\ncy.get('h1').contains('Travel');",
              "err": {},
              "uuid": "274ed060-9cc6-4d1b-a482-2c775c520d9d",
              "parentUUID": "1e7e1544-f0be-4d00-bf94-990585d6d977",
              "isHook": false,
              "skipped": false
            },
            {
              "title": "should display correct number of books",
              "fullTitle": "Browser actions should display correct number of books",
              "timedOut": null,
              "duration": 59,
              "state": "passed",
              "speed": "fast",
              "pass": true,
              "fail": false,
              "pending": false,
              "context": null,
              "code": "//targeting a class, use .class_name\ncy.get('.product_pod') //grab its length\n.its('length') //it should equal 11\n.should('eq', 11);",
              "err": {},
              "uuid": "9e454710-4b6f-4dff-a109-157c0386904c",
              "parentUUID": "1e7e1544-f0be-4d00-bf94-990585d6d977",
              "isHook": false,
              "skipped": false
            },
            {
              "title": "should take a snapshot",
              "fullTitle": "Browser actions should take a snapshot",
              "timedOut": null,
              "duration": 1459,
              "state": "passed",
              "speed": "fast",
              "pass": true,
              "fail": false,
              "pending": false,
              "context": null,
              "code": "cy.screenshot();",
              "err": {},
              "uuid": "0b5a34df-b70a-4a5e-b13e-9a9cde9cd454",
              "parentUUID": "1e7e1544-f0be-4d00-bf94-990585d6d977",
              "isHook": false,
              "skipped": false
            }
          ],
          "suites": [],
          "passes": [
            "071aa1c1-cee2-47ba-bb51-c309de3f785d",
            "1d81c163-0a8e-4155-a6c7-0d045c062670",
            "c51e0048-58c7-4966-9b5b-b263442aab31",
            "dcd3e96b-4fbe-4d75-b538-ca46c6965438",
            "f45b69e9-ccc7-4207-b7a1-78baf3bdb424",
            "274ed060-9cc6-4d1b-a482-2c775c520d9d",
            "9e454710-4b6f-4dff-a109-157c0386904c",
            "0b5a34df-b70a-4a5e-b13e-9a9cde9cd454"
          ],
          "failures": [],
          "pending": [],
          "skipped": [],
          "duration": 6609,
          "root": false,
          "rootEmpty": false,
          "_timeout": 2000
        }
      ],
      "passes": [],
      "failures": [],
      "pending": [],
      "skipped": [],
      "duration": 0,
      "root": true,
      "rootEmpty": true,
      "_timeout": 2000
    }
  ],
  "meta": {
    "mocha": {
      "version": "7.0.1"
    },
    "mochawesome": {
      "options": {
        "quiet": false,
        "reportFilename": "mochawesome",
        "saveHtml": false,
        "saveJson": true,
        "consoleReporter": "spec",
        "useInlineDiffs": false,
        "code": true
      },
      "version": "7.1.3"
    },
    "marge": {
      "options": {
        "reportDir": "cypress/results",
        "overwrite": false,
        "html": false,
        "json": true
      },
      "version": "6.2.0"
    }
  }
}