{
  "stats": {
    "suites": 1,
    "tests": 2,
    "passes": 2,
    "pending": 0,
    "failures": 0,
    "start": "2022-05-23T21:48:26.726Z",
    "end": "2022-05-23T21:48:30.481Z",
    "duration": 3755,
    "testsRegistered": 2,
    "passPercent": 100,
    "pendingPercent": 0,
    "other": 0,
    "hasOther": false,
    "skipped": 0,
    "hasSkipped": false
  },
  "results": [
    {
      "uuid": "ce939e93-0476-4f17-8b43-733f4885594a",
      "title": "",
      "fullFile": "cypress/integration/test/5_fixture.spec.js",
      "file": "cypress/integration/test/5_fixture.spec.js",
      "beforeHooks": [],
      "afterHooks": [],
      "tests": [],
      "suites": [
        {
          "uuid": "fc32df19-facb-4a67-9841-53223a85c28e",
          "title": "Fixtures and Keyboard",
          "fullFile": "",
          "file": "",
          "beforeHooks": [],
          "afterHooks": [],
          "tests": [
            {
              "title": "should try to login",
              "fullTitle": "Fixtures and Keyboard should try to login",
              "timedOut": null,
              "duration": 1471,
              "state": "passed",
              "speed": "fast",
              "pass": true,
              "fail": false,
              "pending": false,
              "context": null,
              "code": "cy.visit('http://zero.webappsecurity.com/login.html', {\n  timeout: 10000\n});\ncy.url().should('include', 'zero'); //returns the value of the user json file\ncy.fixture('user').then(user => {\n  const username = user.username;\n  const password = user.password;\n  cy.get('#user_login').clear();\n  cy.get('#user_login').type(username);\n  cy.get('#user_password').clear();\n  cy.get('#user_password').type(password);\n});",
              "err": {},
              "uuid": "c34a6d57-cc23-4538-b968-4259bb7700c8",
              "parentUUID": "fc32df19-facb-4a67-9841-53223a85c28e",
              "isHook": false,
              "skipped": false
            },
            {
              "title": "should press enter",
              "fullTitle": "Fixtures and Keyboard should press enter",
              "timedOut": null,
              "duration": 1169,
              "state": "passed",
              "speed": "fast",
              "pass": true,
              "fail": false,
              "pending": false,
              "context": null,
              "code": "cy.visit('http://zero.webappsecurity.com/index.html', {\n  timeout: 10000\n});\ncy.url().should('include', 'index');\ncy.get('#searchTerm').type('Online Banking {enter}');\ncy.contains('Search Results:');",
              "err": {},
              "uuid": "985acad4-6922-43c7-ac4f-dc7fef448940",
              "parentUUID": "fc32df19-facb-4a67-9841-53223a85c28e",
              "isHook": false,
              "skipped": false
            }
          ],
          "suites": [],
          "passes": [
            "c34a6d57-cc23-4538-b968-4259bb7700c8",
            "985acad4-6922-43c7-ac4f-dc7fef448940"
          ],
          "failures": [],
          "pending": [],
          "skipped": [],
          "duration": 2640,
          "root": false,
          "rootEmpty": false,
          "_timeout": 2000
        }
      ],
      "passes": [],
      "failures": [],
      "pending": [],
      "skipped": [],
      "duration": 0,
      "root": true,
      "rootEmpty": true,
      "_timeout": 2000
    }
  ],
  "meta": {
    "mocha": {
      "version": "7.0.1"
    },
    "mochawesome": {
      "options": {
        "quiet": false,
        "reportFilename": "mochawesome",
        "saveHtml": false,
        "saveJson": true,
        "consoleReporter": "spec",
        "useInlineDiffs": false,
        "code": true
      },
      "version": "7.1.3"
    },
    "marge": {
      "options": {
        "reportDir": "cypress/results",
        "overwrite": false,
        "html": false,
        "json": true
      },
      "version": "6.2.0"
    }
  }
}