{
  "stats": {
    "suites": 1,
    "tests": 6,
    "passes": 6,
    "pending": 0,
    "failures": 0,
    "start": "2022-05-23T21:47:58.762Z",
    "end": "2022-05-23T21:48:04.223Z",
    "duration": 5461,
    "testsRegistered": 6,
    "passPercent": 100,
    "pendingPercent": 0,
    "other": 0,
    "hasOther": false,
    "skipped": 0,
    "hasSkipped": false
  },
  "results": [
    {
      "uuid": "72b198a4-56a1-4ffc-8ee2-297c9227b060",
      "title": "",
      "fullFile": "cypress/integration/test/1_browser_actions.spec.js",
      "file": "cypress/integration/test/1_browser_actions.spec.js",
      "beforeHooks": [],
      "afterHooks": [],
      "tests": [],
      "suites": [
        {
          "uuid": "2108c71d-6309-43e4-8e23-e92f76de6a47",
          "title": "Browser actions",
          "fullFile": "",
          "file": "",
          "beforeHooks": [],
          "afterHooks": [],
          "tests": [
            {
              "title": "should load correct url",
              "fullTitle": "Browser actions should load correct url",
              "timedOut": null,
              "duration": 229,
              "state": "passed",
              "speed": "fast",
              "pass": true,
              "fail": false,
              "pending": false,
              "context": null,
              "code": "// specify timeout locally\ncy.visit('http://example.com/', {\n  timeout: 10000\n});",
              "err": {},
              "uuid": "3ea5f73e-50ac-469a-940e-3a0afd95d0c6",
              "parentUUID": "2108c71d-6309-43e4-8e23-e92f76de6a47",
              "isHook": false,
              "skipped": false
            },
            {
              "title": "should check correct url",
              "fullTitle": "Browser actions should check correct url",
              "timedOut": null,
              "duration": 40,
              "state": "passed",
              "speed": "fast",
              "pass": true,
              "fail": false,
              "pending": false,
              "context": null,
              "code": "cy.url().should('include', 'example.com');",
              "err": {},
              "uuid": "7e582110-a257-4287-8507-96f6facd90b5",
              "parentUUID": "2108c71d-6309-43e4-8e23-e92f76de6a47",
              "isHook": false,
              "skipped": false
            },
            {
              "title": "should check for correct & visible element on the page",
              "fullTitle": "Browser actions should check for correct & visible element on the page",
              "timedOut": null,
              "duration": 55,
              "state": "passed",
              "speed": "fast",
              "pass": true,
              "fail": false,
              "pending": false,
              "context": null,
              "code": "cy.get('body > :nth-child(1) > :nth-child(2)').should('be.visible');",
              "err": {},
              "uuid": "e08037c2-4c79-4f27-8a51-1f1285af4903",
              "parentUUID": "2108c71d-6309-43e4-8e23-e92f76de6a47",
              "isHook": false,
              "skipped": false
            },
            {
              "title": "should check for correct & visible element on the page",
              "fullTitle": "Browser actions should check for correct & visible element on the page",
              "timedOut": null,
              "duration": 36,
              "state": "passed",
              "speed": "fast",
              "pass": true,
              "fail": false,
              "pending": false,
              "context": null,
              "code": "cy.get('h1').should('be.visible');",
              "err": {},
              "uuid": "93a2e861-73da-4a87-a470-9bfc1cd83a15",
              "parentUUID": "2108c71d-6309-43e4-8e23-e92f76de6a47",
              "isHook": false,
              "skipped": false
            },
            {
              "title": "should wait for 3 seconds",
              "fullTitle": "Browser actions should wait for 3 seconds",
              "timedOut": null,
              "duration": 3026,
              "state": "passed",
              "speed": "fast",
              "pass": true,
              "fail": false,
              "pending": false,
              "context": null,
              "code": "cy.wait(3000);",
              "err": {},
              "uuid": "d7b2f7d5-a780-49bd-9d91-2c84f894bc4f",
              "parentUUID": "2108c71d-6309-43e4-8e23-e92f76de6a47",
              "isHook": false,
              "skipped": false
            },
            {
              "title": "should pasue the execution",
              "fullTitle": "Browser actions should pasue the execution",
              "timedOut": null,
              "duration": 28,
              "state": "passed",
              "speed": "fast",
              "pass": true,
              "fail": false,
              "pending": false,
              "context": null,
              "code": "cy.pause();",
              "err": {},
              "uuid": "4cf3a284-fd77-4c73-90fe-62c0965d421e",
              "parentUUID": "2108c71d-6309-43e4-8e23-e92f76de6a47",
              "isHook": false,
              "skipped": false
            }
          ],
          "suites": [],
          "passes": [
            "3ea5f73e-50ac-469a-940e-3a0afd95d0c6",
            "7e582110-a257-4287-8507-96f6facd90b5",
            "e08037c2-4c79-4f27-8a51-1f1285af4903",
            "93a2e861-73da-4a87-a470-9bfc1cd83a15",
            "d7b2f7d5-a780-49bd-9d91-2c84f894bc4f",
            "4cf3a284-fd77-4c73-90fe-62c0965d421e"
          ],
          "failures": [],
          "pending": [],
          "skipped": [],
          "duration": 3414,
          "root": false,
          "rootEmpty": false,
          "_timeout": 2000
        }
      ],
      "passes": [],
      "failures": [],
      "pending": [],
      "skipped": [],
      "duration": 0,
      "root": true,
      "rootEmpty": true,
      "_timeout": 2000
    }
  ],
  "meta": {
    "mocha": {
      "version": "7.0.1"
    },
    "mochawesome": {
      "options": {
        "quiet": false,
        "reportFilename": "mochawesome",
        "saveHtml": false,
        "saveJson": true,
        "consoleReporter": "spec",
        "useInlineDiffs": false,
        "code": true
      },
      "version": "7.1.3"
    },
    "marge": {
      "options": {
        "reportDir": "cypress/results",
        "overwrite": false,
        "html": false,
        "json": true
      },
      "version": "6.2.0"
    }
  }
}