{
  "stats": {
    "suites": 1,
    "tests": 7,
    "passes": 7,
    "pending": 0,
    "failures": 0,
    "start": "2022-05-23T21:48:18.702Z",
    "end": "2022-05-23T21:48:24.454Z",
    "duration": 5752,
    "testsRegistered": 7,
    "passPercent": 100,
    "pendingPercent": 0,
    "other": 0,
    "hasOther": false,
    "skipped": 0,
    "hasSkipped": false
  },
  "results": [
    {
      "uuid": "30283aea-04c6-4c7d-8594-701e10ec7174",
      "title": "",
      "fullFile": "cypress/integration/test/3_inputs.spec.js",
      "file": "cypress/integration/test/3_inputs.spec.js",
      "beforeHooks": [],
      "afterHooks": [],
      "tests": [],
      "suites": [
        {
          "uuid": "5a5edf12-cdc1-4233-bd0f-c9731ba2019d",
          "title": "Working with inputs",
          "fullFile": "",
          "file": "",
          "beforeHooks": [],
          "afterHooks": [],
          "tests": [
            {
              "title": "should load books url",
              "fullTitle": "Working with inputs should load books url",
              "timedOut": null,
              "duration": 947,
              "state": "passed",
              "speed": "fast",
              "pass": true,
              "fail": false,
              "pending": false,
              "context": null,
              "code": "cy.visit('http://zero.webappsecurity.com/login.html', {\n  timeout: 10000\n});\ncy.url().should('include', 'zero'); //Clear cookies & local storage, cypress automatically clears cookies between tests\ncy.clearCookies({\n  log: true\n});\ncy.clearLocalStorage({\n  log: true\n});",
              "err": {},
              "uuid": "4292184e-fac7-479a-ac69-3d5ea914e908",
              "parentUUID": "5a5edf12-cdc1-4233-bd0f-c9731ba2019d",
              "isHook": false,
              "skipped": false
            },
            {
              "title": "should fill username",
              "fullTitle": "Working with inputs should fill username",
              "timedOut": null,
              "duration": 276,
              "state": "passed",
              "speed": "fast",
              "pass": true,
              "fail": false,
              "pending": false,
              "context": null,
              "code": "//targeting an id, use #id_name\n//make sure input is clear, input should be blank\ncy.get('#user_login').clear();\ncy.get('#user_login').type('Moin');",
              "err": {},
              "uuid": "2aa0501d-fd4f-4ea5-b66e-1a2f04060c70",
              "parentUUID": "5a5edf12-cdc1-4233-bd0f-c9731ba2019d",
              "isHook": false,
              "skipped": false
            },
            {
              "title": "should fill password",
              "fullTitle": "Working with inputs should fill password",
              "timedOut": null,
              "duration": 1726,
              "state": "passed",
              "speed": "fast",
              "pass": true,
              "fail": false,
              "pending": false,
              "context": null,
              "code": "//Variables and Aliases\ncy.get('#user_password').as('pw');\ncy.get('@pw').clear(); //Wait between typing\ncy.get('@pw').type('moin moin moin', {\n  delay: 100\n});",
              "err": {},
              "uuid": "e3c3a9e9-66e8-4218-ae4e-c167a8bec940",
              "parentUUID": "5a5edf12-cdc1-4233-bd0f-c9731ba2019d",
              "isHook": false,
              "skipped": false
            },
            {
              "title": "should submit login form",
              "fullTitle": "Working with inputs should submit login form",
              "timedOut": null,
              "duration": 377,
              "state": "passed",
              "speed": "fast",
              "pass": true,
              "fail": false,
              "pending": false,
              "context": null,
              "code": "cy.contains('Sign in').click();",
              "err": {},
              "uuid": "d8061d27-36dc-493d-9016-6bf4d959cd32",
              "parentUUID": "5a5edf12-cdc1-4233-bd0f-c9731ba2019d",
              "isHook": false,
              "skipped": false
            },
            {
              "title": "should display error",
              "fullTitle": "Working with inputs should display error",
              "timedOut": null,
              "duration": 32,
              "state": "passed",
              "speed": "fast",
              "pass": true,
              "fail": false,
              "pending": false,
              "context": null,
              "code": "cy.get('.alert-error').should('be.visible');",
              "err": {},
              "uuid": "849c89c0-7eab-4990-8c5d-bac9c803a0f9",
              "parentUUID": "5a5edf12-cdc1-4233-bd0f-c9731ba2019d",
              "isHook": false,
              "skipped": false
            },
            {
              "title": "should display error message",
              "fullTitle": "Working with inputs should display error message",
              "timedOut": null,
              "duration": 60,
              "state": "passed",
              "speed": "fast",
              "pass": true,
              "fail": false,
              "pending": false,
              "context": null,
              "code": "cy.get('.alert-error').should('be.visible').and('contain', 'Login and/or password are wrong.');",
              "err": {},
              "uuid": "4090799e-0191-45c5-8a5d-de9df2401729",
              "parentUUID": "5a5edf12-cdc1-4233-bd0f-c9731ba2019d",
              "isHook": false,
              "skipped": false
            },
            {
              "title": "should mark checkbox",
              "fullTitle": "Working with inputs should mark checkbox",
              "timedOut": null,
              "duration": 109,
              "state": "passed",
              "speed": "fast",
              "pass": true,
              "fail": false,
              "pending": false,
              "context": null,
              "code": "//targeting an attribute, use #id_name\n//make sure input is clear, input should be blank\ncy.get('input[type=\"checkbox\"]').click();",
              "err": {},
              "uuid": "861634ed-4803-488f-8846-7d094c404865",
              "parentUUID": "5a5edf12-cdc1-4233-bd0f-c9731ba2019d",
              "isHook": false,
              "skipped": false
            }
          ],
          "suites": [],
          "passes": [
            "4292184e-fac7-479a-ac69-3d5ea914e908",
            "2aa0501d-fd4f-4ea5-b66e-1a2f04060c70",
            "e3c3a9e9-66e8-4218-ae4e-c167a8bec940",
            "d8061d27-36dc-493d-9016-6bf4d959cd32",
            "849c89c0-7eab-4990-8c5d-bac9c803a0f9",
            "4090799e-0191-45c5-8a5d-de9df2401729",
            "861634ed-4803-488f-8846-7d094c404865"
          ],
          "failures": [],
          "pending": [],
          "skipped": [],
          "duration": 3527,
          "root": false,
          "rootEmpty": false,
          "_timeout": 2000
        }
      ],
      "passes": [],
      "failures": [],
      "pending": [],
      "skipped": [],
      "duration": 0,
      "root": true,
      "rootEmpty": true,
      "_timeout": 2000
    }
  ],
  "meta": {
    "mocha": {
      "version": "7.0.1"
    },
    "mochawesome": {
      "options": {
        "quiet": false,
        "reportFilename": "mochawesome",
        "saveHtml": false,
        "saveJson": true,
        "consoleReporter": "spec",
        "useInlineDiffs": false,
        "code": true
      },
      "version": "7.1.3"
    },
    "marge": {
      "options": {
        "reportDir": "cypress/results",
        "overwrite": false,
        "html": false,
        "json": true
      },
      "version": "6.2.0"
    }
  }
}